<?xml version="1.0" encoding="UTF-8"?>
<!-- Generated by org.testng.reporters.JUnitReportReporter -->
<testsuite hostname="DESKTOP-5SN1MBM" failures="0" tests="1" name="WebDriverPackage.Testng2" time="22.945" errors="0" timestamp="2022-09-08T14:05:48 IST" skipped="0">
  <testcase classname="WebDriverPackage.Testng2" name="Login" time="22.945"/>
  <system-out/>
</testsuite> <!-- WebDriverPackage.Testng2 -->
