<?xml version="1.0" encoding="UTF-8"?>
<!-- Generated by org.testng.reporters.JUnitReportReporter -->
<testsuite hostname="DESKTOP-5SN1MBM" failures="0" tests="1" name="WebDriverPackage.Testng1" time="0.039" errors="0" timestamp="2022-09-08T13:52:08 IST" skipped="0">
  <testcase classname="WebDriverPackage.Testng1" name="testAddToCart" time="0.039"/>
  <system-out/>
</testsuite> <!-- WebDriverPackage.Testng1 -->
