<?xml version="1.0" encoding="UTF-8"?>
<!-- Generated by org.testng.reporters.JUnitReportReporter -->
<testsuite hostname="DESKTOP-5SN1MBM" failures="0" tests="1" name="WebDriverPackage.Reporting1" time="30.273" errors="0" timestamp="2022-09-08T17:21:07 IST" skipped="0">
  <testcase classname="WebDriverPackage.Reporting1" name="report" time="30.273"/>
  <system-out>
    <![CDATA[Login page is open
entered username
Entered password
clicked Login]]>
  </system-out>
</testsuite> <!-- WebDriverPackage.Reporting1 -->
