<?xml version="1.0" encoding="UTF-8"?>
<!-- Generated by org.testng.reporters.JUnitReportReporter -->
<testsuite hostname="DESKTOP-5SN1MBM" failures="0" tests="2" name="WebDriverPackage.Reporting2" time="69.774" errors="0" timestamp="2022-09-08T17:31:49 IST" skipped="0">
  <testcase classname="WebDriverPackage.Reporting2" name="report2" time="34.479"/>
  <system-out/>
  <testcase classname="WebDriverPackage.Reporting2" name="report2" time="35.295"/>
  <system-out/>
</testsuite> <!-- WebDriverPackage.Reporting2 -->
